TN:
SF:src\router.ts
FN:21,(anonymous_0)
FN:32,(anonymous_1)
FNF:2
FNH:2
FNDA:4,(anonymous_0)
FNDA:5,(anonymous_1)
DA:1,2
DA:2,2
DA:3,2
DA:4,2
DA:6,2
DA:8,2
DA:9,2
DA:15,2
DA:21,4
DA:25,2
DA:32,5
DA:39,2
DA:45,2
DA:50,2
LF:14
LH:14
BRF:0
BRH:0
end_of_record
TN:
SF:src\server.ts
FN:7,connectDB
FN:29,(anonymous_2)
FNF:2
FNH:2
FNDA:2,connectDB
FNDA:1,(anonymous_2)
DA:1,2
DA:2,2
DA:3,2
DA:4,2
DA:8,2
DA:9,2
DA:10,1
DA:14,0
DA:18,2
DA:21,2
DA:24,2
DA:26,2
DA:29,2
DA:30,1
DA:33,2
LF:15
LH:14
BRF:0
BRH:0
end_of_record
TN:
SF:src\config\db.ts
FNF:0
FNH:0
DA:1,2
DA:2,2
DA:3,2
DA:5,2
DA:10,2
LF:5
LH:5
BRF:0
BRH:0
end_of_record
TN:
SF:src\handlers\product.ts
FN:5,(anonymous_1)
FN:16,(anonymous_2)
FN:28,(anonymous_3)
FN:33,(anonymous_4)
FN:49,(anonymous_5)
FN:64,(anonymous_6)
FNF:6
FNH:5
FNDA:2,(anonymous_1)
FNDA:2,(anonymous_2)
FNDA:1,(anonymous_3)
FNDA:2,(anonymous_4)
FNDA:0,(anonymous_5)
FNDA:2,(anonymous_6)
DA:2,2
DA:5,2
DA:6,2
DA:12,2
DA:16,2
DA:17,2
DA:18,2
DA:19,2
DA:20,1
DA:24,1
DA:28,2
DA:29,1
DA:30,1
DA:33,2
DA:34,2
DA:35,2
DA:36,2
DA:37,1
DA:43,1
DA:44,1
DA:46,1
DA:49,2
DA:50,0
DA:51,0
DA:52,0
DA:53,0
DA:59,0
DA:60,0
DA:61,0
DA:64,2
DA:65,2
DA:66,2
DA:67,2
DA:68,1
DA:73,1
DA:74,1
LF:36
LH:29
BRDA:19,0,0,1
BRDA:36,1,0,1
BRDA:52,2,0,0
BRDA:67,3,0,1
BRF:4
BRH:3
end_of_record
TN:
SF:src\middleware\index.ts
FN:5,(anonymous_0)
FNF:1
FNH:1
FNDA:15,(anonymous_0)
DA:2,2
DA:5,2
DA:6,15
DA:7,15
DA:8,8
DA:11,7
LF:6
LH:6
BRDA:7,0,0,8
BRF:1
BRH:1
end_of_record
TN:
SF:src\models\Product.module.ts
FNF:0
FNH:0
DA:1,2
DA:7,2
DA:11,2
DA:15,2
DA:21,2
DA:24,2
LF:6
LH:6
BRF:0
BRH:0
end_of_record
